Flow report for Processador-Infra-Hardware
Mon Apr 09 00:59:29 2018
Quartus II Version 9.1 Build 350 03/24/2010 Service Pack 2 SJ Web Edition


---------------------
; Table of Contents ;
---------------------
  1. Legal Notice
  2. Flow Summary
  3. Flow Settings
  4. Flow Non-Default Global Settings
  5. Flow Elapsed Time
  6. Flow OS Summary
  7. Flow Log



----------------
; Legal Notice ;
----------------
Copyright (C) 1991-2010 Altera Corporation
Your use of Altera Corporation's design tools, logic functions 
and other software and tools, and its AMPP partner logic 
functions, and any output files from any of the foregoing 
(including device programming or simulation files), and any 
associated documentation or information are expressly subject 
to the terms and conditions of the Altera Program License 
Subscription Agreement, Altera MegaCore Function License 
Agreement, or other applicable license agreement, including, 
without limitation, that your use is for the sole purpose of 
programming logic devices manufactured by Altera and sold by 
Altera or its authorized distributors.  Please refer to the 
applicable agreement for further details.



+-----------------------------------------------------------------------------------+
; Flow Summary                                                                      ;
+------------------------------------+----------------------------------------------+
; Flow Status                        ; Successful - Mon Apr 09 00:59:29 2018        ;
; Quartus II Version                 ; 9.1 Build 350 03/24/2010 SP 2 SJ Web Edition ;
; Revision Name                      ; Processador-Infra-Hardware                   ;
; Top-level Entity Name              ; Memoria                                      ;
; Family                             ; Cyclone II                                   ;
; Device                             ; EP2C70F896C7                                 ;
; Timing Models                      ; Final                                        ;
; Met timing requirements            ; Yes                                          ;
; Total logic elements               ; 23 / 68,416 ( < 1 % )                        ;
;     Total combinational functions  ; 23 / 68,416 ( < 1 % )                        ;
;     Dedicated logic registers      ; 0 / 68,416 ( 0 % )                           ;
; Total registers                    ; 0                                            ;
; Total pins                         ; 98 / 622 ( 16 % )                            ;
; Total virtual pins                 ; 0                                            ;
; Total memory bits                  ; 8,192 / 1,152,000 ( < 1 % )                  ;
; Embedded Multiplier 9-bit elements ; 0 / 300 ( 0 % )                              ;
; Total PLLs                         ; 0 / 4 ( 0 % )                                ;
+------------------------------------+----------------------------------------------+


+------------------------------------------------+
; Flow Settings                                  ;
+-------------------+----------------------------+
; Option            ; Setting                    ;
+-------------------+----------------------------+
; Start date & time ; 04/09/2018 00:58:45        ;
; Main task         ; Compilation                ;
; Revision Name     ; Processador-Infra-Hardware ;
+-------------------+----------------------------+


+----------------------------------------------------------------------------------------------------------------------------------+
; Flow Non-Default Global Settings                                                                                                 ;
+------------------------------------+---------------------------------+----------------------------+-------------+----------------+
; Assignment Name                    ; Value                           ; Default Value              ; Entity Name ; Section Id     ;
+------------------------------------+---------------------------------+----------------------------+-------------+----------------+
; COMPILER_SIGNATURE_ID              ; 268612363605865.152324632503376 ; --                         ; --          ; --             ;
; MAX_CORE_JUNCTION_TEMP             ; 85                              ; --                         ; --          ; --             ;
; MIN_CORE_JUNCTION_TEMP             ; 0                               ; --                         ; --          ; --             ;
; PARTITION_COLOR                    ; 16764057                        ; --                         ; Memoria     ; Top            ;
; PARTITION_NETLIST_TYPE             ; SOURCE                          ; --                         ; Memoria     ; Top            ;
; TOP_LEVEL_ENTITY                   ; Memoria                         ; Processador-Infra-Hardware ; --          ; --             ;
; USE_GENERATED_PHYSICAL_CONSTRAINTS ; Off                             ; --                         ; --          ; eda_blast_fpga ;
+------------------------------------+---------------------------------+----------------------------+-------------+----------------+


+-----------------------------------------------------------------------------------------------------------------------------+
; Flow Elapsed Time                                                                                                           ;
+-------------------------+--------------+-------------------------+---------------------+------------------------------------+
; Module Name             ; Elapsed Time ; Average Processors Used ; Peak Virtual Memory ; Total CPU Time (on all processors) ;
+-------------------------+--------------+-------------------------+---------------------+------------------------------------+
; Analysis & Synthesis    ; 00:00:05     ; 1.0                     ; 228 MB              ; 00:00:08                           ;
; Fitter                  ; 00:00:26     ; 1.0                     ; 329 MB              ; 00:00:29                           ;
; Assembler               ; 00:00:09     ; 1.0                     ; 313 MB              ; 00:00:08                           ;
; Classic Timing Analyzer ; 00:00:01     ; 1.0                     ; 145 MB              ; 00:00:01                           ;
; Total                   ; 00:00:41     ; --                      ; --                  ; 00:00:46                           ;
+-------------------------+--------------+-------------------------+---------------------+------------------------------------+


+------------------------------------------------------------------------------------------+
; Flow OS Summary                                                                          ;
+-------------------------+------------------+---------------+------------+----------------+
; Module Name             ; Machine Hostname ; OS Name       ; OS Version ; Processor type ;
+-------------------------+------------------+---------------+------------+----------------+
; Analysis & Synthesis    ; Rose-PC          ; Windows Vista ; 6.1        ; i686           ;
; Fitter                  ; Rose-PC          ; Windows Vista ; 6.1        ; i686           ;
; Assembler               ; Rose-PC          ; Windows Vista ; 6.1        ; i686           ;
; Classic Timing Analyzer ; Rose-PC          ; Windows Vista ; 6.1        ; i686           ;
+-------------------------+------------------+---------------+------------+----------------+


------------
; Flow Log ;
------------
quartus_map --read_settings_files=on --write_settings_files=off Processador-Infra-Hardware -c Processador-Infra-Hardware
quartus_fit --read_settings_files=off --write_settings_files=off Processador-Infra-Hardware -c Processador-Infra-Hardware
quartus_asm --read_settings_files=off --write_settings_files=off Processador-Infra-Hardware -c Processador-Infra-Hardware
quartus_tan --read_settings_files=off --write_settings_files=off Processador-Infra-Hardware -c Processador-Infra-Hardware --timing_analysis_only



