Analysis & Synthesis report for Processador-Infra-Hardware
Mon Apr 09 00:58:49 2018
Quartus II Version 9.1 Build 350 03/24/2010 Service Pack 2 SJ Web Edition


---------------------
; Table of Contents ;
---------------------
  1. Legal Notice
  2. Analysis & Synthesis Summary
  3. Analysis & Synthesis Settings
  4. Parallel Compilation
  5. Analysis & Synthesis Source Files Read
  6. Analysis & Synthesis Resource Usage Summary
  7. Analysis & Synthesis Resource Utilization by Entity
  8. Analysis & Synthesis RAM Summary
  9. General Register Statistics
 10. Source assignments for LPM_RAM_DQ:MEM|altram:sram|altsyncram:ram_block|altsyncram_e1a1:auto_generated
 11. Source assignments for LPM_RAM_DQ:MEM_plus_One|altram:sram|altsyncram:ram_block|altsyncram_e1a1:auto_generated
 12. Source assignments for LPM_RAM_DQ:MEM_plus_Two|altram:sram|altsyncram:ram_block|altsyncram_e1a1:auto_generated
 13. Source assignments for LPM_RAM_DQ:MEM_plus_Three|altram:sram|altsyncram:ram_block|altsyncram_e1a1:auto_generated
 14. Parameter Settings for User Entity Instance: LPM_RAM_DQ:MEM
 15. Parameter Settings for User Entity Instance: LPM_RAM_DQ:MEM_plus_One
 16. Parameter Settings for User Entity Instance: LPM_RAM_DQ:MEM_plus_Two
 17. Parameter Settings for User Entity Instance: LPM_RAM_DQ:MEM_plus_Three
 18. Analysis & Synthesis Messages



----------------
; Legal Notice ;
----------------
Copyright (C) 1991-2010 Altera Corporation
Your use of Altera Corporation's design tools, logic functions 
and other software and tools, and its AMPP partner logic 
functions, and any output files from any of the foregoing 
(including device programming or simulation files), and any 
associated documentation or information are expressly subject 
to the terms and conditions of the Altera Program License 
Subscription Agreement, Altera MegaCore Function License 
Agreement, or other applicable license agreement, including, 
without limitation, that your use is for the sole purpose of 
programming logic devices manufactured by Altera and sold by 
Altera or its authorized distributors.  Please refer to the 
applicable agreement for further details.



+-----------------------------------------------------------------------------------+
; Analysis & Synthesis Summary                                                      ;
+------------------------------------+----------------------------------------------+
; Analysis & Synthesis Status        ; Successful - Mon Apr 09 00:58:49 2018        ;
; Quartus II Version                 ; 9.1 Build 350 03/24/2010 SP 2 SJ Web Edition ;
; Revision Name                      ; Processador-Infra-Hardware                   ;
; Top-level Entity Name              ; Memoria                                      ;
; Family                             ; Cyclone II                                   ;
; Total logic elements               ; 23                                           ;
;     Total combinational functions  ; 23                                           ;
;     Dedicated logic registers      ; 0                                            ;
; Total registers                    ; 0                                            ;
; Total pins                         ; 98                                           ;
; Total virtual pins                 ; 0                                            ;
; Total memory bits                  ; 8,192                                        ;
; Embedded Multiplier 9-bit elements ; 0                                            ;
; Total PLLs                         ; 0                                            ;
+------------------------------------+----------------------------------------------+


+------------------------------------------------------------------------------------------------------------------------------+
; Analysis & Synthesis Settings                                                                                                ;
+----------------------------------------------------------------------------+--------------------+----------------------------+
; Option                                                                     ; Setting            ; Default Value              ;
+----------------------------------------------------------------------------+--------------------+----------------------------+
; Device                                                                     ; EP2C70F896C7       ;                            ;
; Top-level entity name                                                      ; Memoria            ; Processador-Infra-Hardware ;
; Family name                                                                ; Cyclone II         ; Stratix II                 ;
; Use Generated Physical Constraints File                                    ; Off                ;                            ;
; Use smart compilation                                                      ; Off                ; Off                        ;
; Enable parallel Assembler and TimeQuest Timing Analyzer during compilation ; On                 ; On                         ;
; Enable compact report table                                                ; Off                ; Off                        ;
; Restructure Multiplexers                                                   ; Auto               ; Auto                       ;
; Create Debugging Nodes for IP Cores                                        ; Off                ; Off                        ;
; Preserve fewer node names                                                  ; On                 ; On                         ;
; Disable OpenCore Plus hardware evaluation                                  ; Off                ; Off                        ;
; Verilog Version                                                            ; Verilog_2001       ; Verilog_2001               ;
; VHDL Version                                                               ; VHDL_1993          ; VHDL_1993                  ;
; State Machine Processing                                                   ; Auto               ; Auto                       ;
; Safe State Machine                                                         ; Off                ; Off                        ;
; Extract Verilog State Machines                                             ; On                 ; On                         ;
; Extract VHDL State Machines                                                ; On                 ; On                         ;
; Ignore Verilog initial constructs                                          ; Off                ; Off                        ;
; Iteration limit for constant Verilog loops                                 ; 5000               ; 5000                       ;
; Iteration limit for non-constant Verilog loops                             ; 250                ; 250                        ;
; Add Pass-Through Logic to Inferred RAMs                                    ; On                 ; On                         ;
; Parallel Synthesis                                                         ; On                 ; On                         ;
; DSP Block Balancing                                                        ; Auto               ; Auto                       ;
; NOT Gate Push-Back                                                         ; On                 ; On                         ;
; Power-Up Don't Care                                                        ; On                 ; On                         ;
; Remove Redundant Logic Cells                                               ; Off                ; Off                        ;
; Remove Duplicate Registers                                                 ; On                 ; On                         ;
; Ignore CARRY Buffers                                                       ; Off                ; Off                        ;
; Ignore CASCADE Buffers                                                     ; Off                ; Off                        ;
; Ignore GLOBAL Buffers                                                      ; Off                ; Off                        ;
; Ignore ROW GLOBAL Buffers                                                  ; Off                ; Off                        ;
; Ignore LCELL Buffers                                                       ; Off                ; Off                        ;
; Ignore SOFT Buffers                                                        ; On                 ; On                         ;
; Limit AHDL Integers to 32 Bits                                             ; Off                ; Off                        ;
; Optimization Technique                                                     ; Balanced           ; Balanced                   ;
; Carry Chain Length                                                         ; 70                 ; 70                         ;
; Auto Carry Chains                                                          ; On                 ; On                         ;
; Auto Open-Drain Pins                                                       ; On                 ; On                         ;
; Perform WYSIWYG Primitive Resynthesis                                      ; Off                ; Off                        ;
; Auto ROM Replacement                                                       ; On                 ; On                         ;
; Auto RAM Replacement                                                       ; On                 ; On                         ;
; Auto Shift Register Replacement                                            ; Auto               ; Auto                       ;
; Auto Clock Enable Replacement                                              ; On                 ; On                         ;
; Strict RAM Replacement                                                     ; Off                ; Off                        ;
; Allow Synchronous Control Signals                                          ; On                 ; On                         ;
; Force Use of Synchronous Clear Signals                                     ; Off                ; Off                        ;
; Auto RAM to Logic Cell Conversion                                          ; Off                ; Off                        ;
; Auto Resource Sharing                                                      ; Off                ; Off                        ;
; Allow Any RAM Size For Recognition                                         ; Off                ; Off                        ;
; Allow Any ROM Size For Recognition                                         ; Off                ; Off                        ;
; Allow Any Shift Register Size For Recognition                              ; Off                ; Off                        ;
; Use LogicLock Constraints during Resource Balancing                        ; On                 ; On                         ;
; Ignore translate_off and synthesis_off directives                          ; Off                ; Off                        ;
; Timing-Driven Synthesis                                                    ; Off                ; Off                        ;
; Show Parameter Settings Tables in Synthesis Report                         ; On                 ; On                         ;
; Ignore Maximum Fan-Out Assignments                                         ; Off                ; Off                        ;
; Synchronization Register Chain Length                                      ; 2                  ; 2                          ;
; PowerPlay Power Optimization                                               ; Normal compilation ; Normal compilation         ;
; HDL message level                                                          ; Level2             ; Level2                     ;
; Suppress Register Optimization Related Messages                            ; Off                ; Off                        ;
; Number of Removed Registers Reported in Synthesis Report                   ; 5000               ; 5000                       ;
; Number of Inverted Registers Reported in Synthesis Report                  ; 100                ; 100                        ;
; Clock MUX Protection                                                       ; On                 ; On                         ;
; Auto Gated Clock Conversion                                                ; Off                ; Off                        ;
; Block Design Naming                                                        ; Auto               ; Auto                       ;
; SDC constraint protection                                                  ; Off                ; Off                        ;
; Synthesis Effort                                                           ; Auto               ; Auto                       ;
; Shift Register Replacement - Allow Asynchronous Clear Signal               ; On                 ; On                         ;
; Analysis & Synthesis Message Level                                         ; Medium             ; Medium                     ;
; Disable Register Merging Across Hierarchies                                ; Auto               ; Auto                       ;
; Resource Aware Inference For Block RAM                                     ; On                 ; On                         ;
+----------------------------------------------------------------------------+--------------------+----------------------------+


Parallel compilation was disabled, but you have multiple processors available. Enable parallel compilation to reduce compilation time.
+-------------------------------------+
; Parallel Compilation                ;
+----------------------------+--------+
; Processors                 ; Number ;
+----------------------------+--------+
; Number detected on machine ; 2      ;
; Maximum allowed            ; 1      ;
+----------------------------+--------+


+--------------------------------------------------------------------------------------------------------------------------------------------------------------------+
; Analysis & Synthesis Source Files Read                                                                                                                             ;
+------------------------------------+-----------------+------------------------------+------------------------------------------------------------------------------+
; File Name with User-Entered Path   ; Used in Netlist ; File Type                    ; File Name with Absolute Path                                                 ;
+------------------------------------+-----------------+------------------------------+------------------------------------------------------------------------------+
; Componentes do Projeto/Memoria.vhd ; yes             ; User VHDL File               ; C:/InfraHw/Processador-Infra-Hw/Componentes do Projeto/Memoria.vhd           ;
; lpm_ram_dq.tdf                     ; yes             ; Megafunction                 ; c:/users/rose/desktop/quartus/quartus/libraries/megafunctions/lpm_ram_dq.tdf ;
; altram.tdf                         ; yes             ; Megafunction                 ; c:/users/rose/desktop/quartus/quartus/libraries/megafunctions/altram.tdf     ;
; altsyncram.tdf                     ; yes             ; Megafunction                 ; c:/users/rose/desktop/quartus/quartus/libraries/megafunctions/altsyncram.tdf ;
; db/altsyncram_e1a1.tdf             ; yes             ; Auto-Generated Megafunction  ; C:/InfraHw/Processador-Infra-Hw/db/altsyncram_e1a1.tdf                       ;
+------------------------------------+-----------------+------------------------------+------------------------------------------------------------------------------+


+-----------------------------------------------------+
; Analysis & Synthesis Resource Usage Summary         ;
+---------------------------------------------+-------+
; Resource                                    ; Usage ;
+---------------------------------------------+-------+
; Estimated Total logic elements              ; 23    ;
;                                             ;       ;
; Total combinational functions               ; 23    ;
; Logic element usage by number of LUT inputs ;       ;
;     -- 4 input functions                    ; 0     ;
;     -- 3 input functions                    ; 0     ;
;     -- <=2 input functions                  ; 23    ;
;                                             ;       ;
; Logic elements by mode                      ;       ;
;     -- normal mode                          ; 3     ;
;     -- arithmetic mode                      ; 20    ;
;                                             ;       ;
; Total registers                             ; 0     ;
;     -- Dedicated logic registers            ; 0     ;
;     -- I/O registers                        ; 0     ;
;                                             ;       ;
; I/O pins                                    ; 98    ;
; Total memory bits                           ; 8192  ;
; Maximum fan-out node                        ; Wr    ;
; Maximum fan-out                             ; 32    ;
; Total fan-out                               ; 427   ;
; Average fan-out                             ; 2.79  ;
+---------------------------------------------+-------+


+------------------------------------------------------------------------------------------------------------------------------------------------------------------------------------------------------------------------------------------------------------------------------+
; Analysis & Synthesis Resource Utilization by Entity                                                                                                                                                                                                                          ;
+----------------------------------------------+-------------------+--------------+-------------+--------------+---------+-----------+------+--------------+----------------------------------------------------------------------------------------------------+--------------+
; Compilation Hierarchy Node                   ; LC Combinationals ; LC Registers ; Memory Bits ; DSP Elements ; DSP 9x9 ; DSP 18x18 ; Pins ; Virtual Pins ; Full Hierarchy Name                                                                                ; Library Name ;
+----------------------------------------------+-------------------+--------------+-------------+--------------+---------+-----------+------+--------------+----------------------------------------------------------------------------------------------------+--------------+
; |Memoria                                     ; 23 (23)           ; 0 (0)        ; 8192        ; 0            ; 0       ; 0         ; 98   ; 0            ; |Memoria                                                                                           ; work         ;
;    |lpm_ram_dq:MEM_plus_One|                 ; 0 (0)             ; 0 (0)        ; 2048        ; 0            ; 0       ; 0         ; 0    ; 0            ; |Memoria|lpm_ram_dq:MEM_plus_One                                                                   ; work         ;
;       |altram:sram|                          ; 0 (0)             ; 0 (0)        ; 2048        ; 0            ; 0       ; 0         ; 0    ; 0            ; |Memoria|lpm_ram_dq:MEM_plus_One|altram:sram                                                       ;              ;
;          |altsyncram:ram_block|              ; 0 (0)             ; 0 (0)        ; 2048        ; 0            ; 0       ; 0         ; 0    ; 0            ; |Memoria|lpm_ram_dq:MEM_plus_One|altram:sram|altsyncram:ram_block                                  ;              ;
;             |altsyncram_e1a1:auto_generated| ; 0 (0)             ; 0 (0)        ; 2048        ; 0            ; 0       ; 0         ; 0    ; 0            ; |Memoria|lpm_ram_dq:MEM_plus_One|altram:sram|altsyncram:ram_block|altsyncram_e1a1:auto_generated   ;              ;
;    |lpm_ram_dq:MEM_plus_Three|               ; 0 (0)             ; 0 (0)        ; 2048        ; 0            ; 0       ; 0         ; 0    ; 0            ; |Memoria|lpm_ram_dq:MEM_plus_Three                                                                 ;              ;
;       |altram:sram|                          ; 0 (0)             ; 0 (0)        ; 2048        ; 0            ; 0       ; 0         ; 0    ; 0            ; |Memoria|lpm_ram_dq:MEM_plus_Three|altram:sram                                                     ; work         ;
;          |altsyncram:ram_block|              ; 0 (0)             ; 0 (0)        ; 2048        ; 0            ; 0       ; 0         ; 0    ; 0            ; |Memoria|lpm_ram_dq:MEM_plus_Three|altram:sram|altsyncram:ram_block                                ; work         ;
;             |altsyncram_e1a1:auto_generated| ; 0 (0)             ; 0 (0)        ; 2048        ; 0            ; 0       ; 0         ; 0    ; 0            ; |Memoria|lpm_ram_dq:MEM_plus_Three|altram:sram|altsyncram:ram_block|altsyncram_e1a1:auto_generated ; work         ;
;    |lpm_ram_dq:MEM_plus_Two|                 ; 0 (0)             ; 0 (0)        ; 2048        ; 0            ; 0       ; 0         ; 0    ; 0            ; |Memoria|lpm_ram_dq:MEM_plus_Two                                                                   ;              ;
;       |altram:sram|                          ; 0 (0)             ; 0 (0)        ; 2048        ; 0            ; 0       ; 0         ; 0    ; 0            ; |Memoria|lpm_ram_dq:MEM_plus_Two|altram:sram                                                       ;              ;
;          |altsyncram:ram_block|              ; 0 (0)             ; 0 (0)        ; 2048        ; 0            ; 0       ; 0         ; 0    ; 0            ; |Memoria|lpm_ram_dq:MEM_plus_Two|altram:sram|altsyncram:ram_block                                  ;              ;
;             |altsyncram_e1a1:auto_generated| ; 0 (0)             ; 0 (0)        ; 2048        ; 0            ; 0       ; 0         ; 0    ; 0            ; |Memoria|lpm_ram_dq:MEM_plus_Two|altram:sram|altsyncram:ram_block|altsyncram_e1a1:auto_generated   ;              ;
;    |lpm_ram_dq:MEM|                          ; 0 (0)             ; 0 (0)        ; 2048        ; 0            ; 0       ; 0         ; 0    ; 0            ; |Memoria|lpm_ram_dq:MEM                                                                            ;              ;
;       |altram:sram|                          ; 0 (0)             ; 0 (0)        ; 2048        ; 0            ; 0       ; 0         ; 0    ; 0            ; |Memoria|lpm_ram_dq:MEM|altram:sram                                                                ; work         ;
;          |altsyncram:ram_block|              ; 0 (0)             ; 0 (0)        ; 2048        ; 0            ; 0       ; 0         ; 0    ; 0            ; |Memoria|lpm_ram_dq:MEM|altram:sram|altsyncram:ram_block                                           ; work         ;
;             |altsyncram_e1a1:auto_generated| ; 0 (0)             ; 0 (0)        ; 2048        ; 0            ; 0       ; 0         ; 0    ; 0            ; |Memoria|lpm_ram_dq:MEM|altram:sram|altsyncram:ram_block|altsyncram_e1a1:auto_generated            ; work         ;
+----------------------------------------------+-------------------+--------------+-------------+--------------+---------+-----------+------+--------------+----------------------------------------------------------------------------------------------------+--------------+
Note: For table entries with two numbers listed, the numbers in parentheses indicate the number of resources of the given type used by the specific entity alone. The numbers listed outside of parentheses indicate the total resources of the given type used by the specific entity and all of its sub-entities in the hierarchy.


+---------------------------------------------------------------------------------------------------------------------------------------------------------------------------------------------------------------+
; Analysis & Synthesis RAM Summary                                                                                                                                                                              ;
+------------------------------------------------------------------------------------------------------+------+-------------+--------------+--------------+--------------+--------------+------+----------------+
; Name                                                                                                 ; Type ; Mode        ; Port A Depth ; Port A Width ; Port B Depth ; Port B Width ; Size ; MIF            ;
+------------------------------------------------------------------------------------------------------+------+-------------+--------------+--------------+--------------+--------------+------+----------------+
; lpm_ram_dq:MEM_plus_One|altram:sram|altsyncram:ram_block|altsyncram_e1a1:auto_generated|ALTSYNCRAM   ; AUTO ; Single Port ; 256          ; 8            ; --           ; --           ; 2048 ; instrucoes.mif ;
; lpm_ram_dq:MEM_plus_Three|altram:sram|altsyncram:ram_block|altsyncram_e1a1:auto_generated|ALTSYNCRAM ; AUTO ; Single Port ; 256          ; 8            ; --           ; --           ; 2048 ; instrucoes.mif ;
; lpm_ram_dq:MEM_plus_Two|altram:sram|altsyncram:ram_block|altsyncram_e1a1:auto_generated|ALTSYNCRAM   ; AUTO ; Single Port ; 256          ; 8            ; --           ; --           ; 2048 ; instrucoes.mif ;
; lpm_ram_dq:MEM|altram:sram|altsyncram:ram_block|altsyncram_e1a1:auto_generated|ALTSYNCRAM            ; AUTO ; Single Port ; 256          ; 8            ; --           ; --           ; 2048 ; instrucoes.mif ;
+------------------------------------------------------------------------------------------------------+------+-------------+--------------+--------------+--------------+--------------+------+----------------+


+------------------------------------------------------+
; General Register Statistics                          ;
+----------------------------------------------+-------+
; Statistic                                    ; Value ;
+----------------------------------------------+-------+
; Total registers                              ; 0     ;
; Number of registers using Synchronous Clear  ; 0     ;
; Number of registers using Synchronous Load   ; 0     ;
; Number of registers using Asynchronous Clear ; 0     ;
; Number of registers using Asynchronous Load  ; 0     ;
; Number of registers using Clock Enable       ; 0     ;
; Number of registers using Preset             ; 0     ;
+----------------------------------------------+-------+


+-------------------------------------------------------------------------------------------------------+
; Source assignments for LPM_RAM_DQ:MEM|altram:sram|altsyncram:ram_block|altsyncram_e1a1:auto_generated ;
+---------------------------------+--------------------+------+-----------------------------------------+
; Assignment                      ; Value              ; From ; To                                      ;
+---------------------------------+--------------------+------+-----------------------------------------+
; OPTIMIZE_POWER_DURING_SYNTHESIS ; NORMAL_COMPILATION ; -    ; -                                       ;
+---------------------------------+--------------------+------+-----------------------------------------+


+----------------------------------------------------------------------------------------------------------------+
; Source assignments for LPM_RAM_DQ:MEM_plus_One|altram:sram|altsyncram:ram_block|altsyncram_e1a1:auto_generated ;
+---------------------------------+--------------------+------+--------------------------------------------------+
; Assignment                      ; Value              ; From ; To                                               ;
+---------------------------------+--------------------+------+--------------------------------------------------+
; OPTIMIZE_POWER_DURING_SYNTHESIS ; NORMAL_COMPILATION ; -    ; -                                                ;
+---------------------------------+--------------------+------+--------------------------------------------------+


+----------------------------------------------------------------------------------------------------------------+
; Source assignments for LPM_RAM_DQ:MEM_plus_Two|altram:sram|altsyncram:ram_block|altsyncram_e1a1:auto_generated ;
+---------------------------------+--------------------+------+--------------------------------------------------+
; Assignment                      ; Value              ; From ; To                                               ;
+---------------------------------+--------------------+------+--------------------------------------------------+
; OPTIMIZE_POWER_DURING_SYNTHESIS ; NORMAL_COMPILATION ; -    ; -                                                ;
+---------------------------------+--------------------+------+--------------------------------------------------+


+------------------------------------------------------------------------------------------------------------------+
; Source assignments for LPM_RAM_DQ:MEM_plus_Three|altram:sram|altsyncram:ram_block|altsyncram_e1a1:auto_generated ;
+---------------------------------+--------------------+------+----------------------------------------------------+
; Assignment                      ; Value              ; From ; To                                                 ;
+---------------------------------+--------------------+------+----------------------------------------------------+
; OPTIMIZE_POWER_DURING_SYNTHESIS ; NORMAL_COMPILATION ; -    ; -                                                  ;
+---------------------------------+--------------------+------+----------------------------------------------------+


+-------------------------------------------------------------+
; Parameter Settings for User Entity Instance: LPM_RAM_DQ:MEM ;
+------------------------+----------------+-------------------+
; Parameter Name         ; Value          ; Type              ;
+------------------------+----------------+-------------------+
; LPM_WIDTH              ; 8              ; Signed Integer    ;
; LPM_WIDTHAD            ; 8              ; Signed Integer    ;
; LPM_NUMWORDS           ; 0              ; Signed Integer    ;
; LPM_INDATA             ; REGISTERED     ; Untyped           ;
; LPM_ADDRESS_CONTROL    ; REGISTERED     ; Untyped           ;
; LPM_OUTDATA            ; REGISTERED     ; Untyped           ;
; LPM_FILE               ; instrucoes.mif ; Untyped           ;
; USE_EAB                ; ON             ; Untyped           ;
; DEVICE_FAMILY          ; Cyclone II     ; Untyped           ;
; CBXI_PARAMETER         ; NOTHING        ; Untyped           ;
; AUTO_CARRY_CHAINS      ; ON             ; AUTO_CARRY        ;
; IGNORE_CARRY_BUFFERS   ; OFF            ; IGNORE_CARRY      ;
; AUTO_CASCADE_CHAINS    ; ON             ; AUTO_CASCADE      ;
; IGNORE_CASCADE_BUFFERS ; OFF            ; IGNORE_CASCADE    ;
+------------------------+----------------+-------------------+
Note: In order to hide this table in the UI and the text report file, please set the "Show Parameter Settings Tables in Synthesis Report" option in "Analysis and Synthesis Settings -> More Settings" to "Off".


+----------------------------------------------------------------------+
; Parameter Settings for User Entity Instance: LPM_RAM_DQ:MEM_plus_One ;
+------------------------+----------------+----------------------------+
; Parameter Name         ; Value          ; Type                       ;
+------------------------+----------------+----------------------------+
; LPM_WIDTH              ; 8              ; Signed Integer             ;
; LPM_WIDTHAD            ; 8              ; Signed Integer             ;
; LPM_NUMWORDS           ; 0              ; Signed Integer             ;
; LPM_INDATA             ; REGISTERED     ; Untyped                    ;
; LPM_ADDRESS_CONTROL    ; REGISTERED     ; Untyped                    ;
; LPM_OUTDATA            ; REGISTERED     ; Untyped                    ;
; LPM_FILE               ; instrucoes.mif ; Untyped                    ;
; USE_EAB                ; ON             ; Untyped                    ;
; DEVICE_FAMILY          ; Cyclone II     ; Untyped                    ;
; CBXI_PARAMETER         ; NOTHING        ; Untyped                    ;
; AUTO_CARRY_CHAINS      ; ON             ; AUTO_CARRY                 ;
; IGNORE_CARRY_BUFFERS   ; OFF            ; IGNORE_CARRY               ;
; AUTO_CASCADE_CHAINS    ; ON             ; AUTO_CASCADE               ;
; IGNORE_CASCADE_BUFFERS ; OFF            ; IGNORE_CASCADE             ;
+------------------------+----------------+----------------------------+
Note: In order to hide this table in the UI and the text report file, please set the "Show Parameter Settings Tables in Synthesis Report" option in "Analysis and Synthesis Settings -> More Settings" to "Off".


+----------------------------------------------------------------------+
; Parameter Settings for User Entity Instance: LPM_RAM_DQ:MEM_plus_Two ;
+------------------------+----------------+----------------------------+
; Parameter Name         ; Value          ; Type                       ;
+------------------------+----------------+----------------------------+
; LPM_WIDTH              ; 8              ; Signed Integer             ;
; LPM_WIDTHAD            ; 8              ; Signed Integer             ;
; LPM_NUMWORDS           ; 0              ; Signed Integer             ;
; LPM_INDATA             ; REGISTERED     ; Untyped                    ;
; LPM_ADDRESS_CONTROL    ; REGISTERED     ; Untyped                    ;
; LPM_OUTDATA            ; REGISTERED     ; Untyped                    ;
; LPM_FILE               ; instrucoes.mif ; Untyped                    ;
; USE_EAB                ; ON             ; Untyped                    ;
; DEVICE_FAMILY          ; Cyclone II     ; Untyped                    ;
; CBXI_PARAMETER         ; NOTHING        ; Untyped                    ;
; AUTO_CARRY_CHAINS      ; ON             ; AUTO_CARRY                 ;
; IGNORE_CARRY_BUFFERS   ; OFF            ; IGNORE_CARRY               ;
; AUTO_CASCADE_CHAINS    ; ON             ; AUTO_CASCADE               ;
; IGNORE_CASCADE_BUFFERS ; OFF            ; IGNORE_CASCADE             ;
+------------------------+----------------+----------------------------+
Note: In order to hide this table in the UI and the text report file, please set the "Show Parameter Settings Tables in Synthesis Report" option in "Analysis and Synthesis Settings -> More Settings" to "Off".


+------------------------------------------------------------------------+
; Parameter Settings for User Entity Instance: LPM_RAM_DQ:MEM_plus_Three ;
+------------------------+----------------+------------------------------+
; Parameter Name         ; Value          ; Type                         ;
+------------------------+----------------+------------------------------+
; LPM_WIDTH              ; 8              ; Signed Integer               ;
; LPM_WIDTHAD            ; 8              ; Signed Integer               ;
; LPM_NUMWORDS           ; 0              ; Signed Integer               ;
; LPM_INDATA             ; REGISTERED     ; Untyped                      ;
; LPM_ADDRESS_CONTROL    ; REGISTERED     ; Untyped                      ;
; LPM_OUTDATA            ; REGISTERED     ; Untyped                      ;
; LPM_FILE               ; instrucoes.mif ; Untyped                      ;
; USE_EAB                ; ON             ; Untyped                      ;
; DEVICE_FAMILY          ; Cyclone II     ; Untyped                      ;
; CBXI_PARAMETER         ; NOTHING        ; Untyped                      ;
; AUTO_CARRY_CHAINS      ; ON             ; AUTO_CARRY                   ;
; IGNORE_CARRY_BUFFERS   ; OFF            ; IGNORE_CARRY                 ;
; AUTO_CASCADE_CHAINS    ; ON             ; AUTO_CASCADE                 ;
; IGNORE_CASCADE_BUFFERS ; OFF            ; IGNORE_CASCADE               ;
+------------------------+----------------+------------------------------+
Note: In order to hide this table in the UI and the text report file, please set the "Show Parameter Settings Tables in Synthesis Report" option in "Analysis and Synthesis Settings -> More Settings" to "Off".


+-------------------------------+
; Analysis & Synthesis Messages ;
+-------------------------------+
Info: *******************************************************************
Info: Running Quartus II Analysis & Synthesis
    Info: Version 9.1 Build 350 03/24/2010 Service Pack 2 SJ Web Edition
    Info: Processing started: Mon Apr 09 00:58:44 2018
Info: Command: quartus_map --read_settings_files=on --write_settings_files=off Processador-Infra-Hardware -c Processador-Infra-Hardware
Info: Found 2 design units, including 1 entities, in source file componentes do projeto/banco_reg.vhd
    Info: Found design unit 1: Banco_reg-behavioral_arch
    Info: Found entity 1: Banco_reg
Info: Found 2 design units, including 1 entities, in source file componentes do projeto/instr_reg.vhd
    Info: Found design unit 1: Instr_Reg-behavioral_arch
    Info: Found entity 1: Instr_Reg
Info: Found 3 design units, including 1 entities, in source file componentes do projeto/memoria.vhd
    Info: Found design unit 1: ram_constants
    Info: Found design unit 2: Memoria-behavioral_arch
    Info: Found entity 1: Memoria
Info: Found 2 design units, including 1 entities, in source file componentes do projeto/regdesloc.vhd
    Info: Found design unit 1: RegDesloc-behavioral_arch
    Info: Found entity 1: RegDesloc
Info: Found 2 design units, including 1 entities, in source file componentes do projeto/registrador.vhd
    Info: Found design unit 1: Registrador-behavioral_arch
    Info: Found entity 1: Registrador
Info: Found 2 design units, including 1 entities, in source file componentes do projeto/ula32.vhd
    Info: Found design unit 1: Ula32-behavioral
    Info: Found entity 1: Ula32
Info: Found 1 design units, including 1 entities, in source file processador.sv
    Info: Found entity 1: processador
Warning: Entity "mux" obtained from "C:/InfraHw/Processador-Infra-Hw/muxPC.sv" instead of from Quartus II megafunction library
Info: Found 2 design units, including 2 entities, in source file muxpc.sv
    Info: Found entity 1: muxPC
    Info: Found entity 2: mux
Info: Found 1 design units, including 1 entities, in source file pc.sv
    Info: Found entity 1: PC
Warning (10236): Verilog HDL Implicit Net warning at muxPC.sv(49): created implicit net for "n_IorD"
Warning (10236): Verilog HDL Implicit Net warning at muxPC.sv(50): created implicit net for "Out1"
Warning (10236): Verilog HDL Implicit Net warning at muxPC.sv(51): created implicit net for "Out2"
Warning (10236): Verilog HDL Implicit Net warning at PC.sv(24): created implicit net for "pc_adress"
Critical Warning (10846): Verilog HDL Instantiation warning at PC.sv(27): instance has no name
Info: Elaborating entity "Memoria" for the top level hierarchy
Info: Elaborating entity "LPM_RAM_DQ" for hierarchy "LPM_RAM_DQ:MEM"
Info: Elaborated megafunction instantiation "LPM_RAM_DQ:MEM"
Info: Instantiated megafunction "LPM_RAM_DQ:MEM" with the following parameter:
    Info: Parameter "LPM_WIDTH" = "8"
    Info: Parameter "LPM_WIDTHAD" = "8"
    Info: Parameter "LPM_NUMWORDS" = "0"
    Info: Parameter "LPM_INDATA" = "REGISTERED"
    Info: Parameter "LPM_ADDRESS_CONTROL" = "REGISTERED"
    Info: Parameter "LPM_OUTDATA" = "REGISTERED"
    Info: Parameter "LPM_FILE" = "instrucoes.mif"
    Info: Parameter "LPM_TYPE" = "LPM_RAM_DQ"
    Info: Parameter "USE_EAB" = "ON"
    Info: Parameter "INTENDED_DEVICE_FAMILY" = "UNUSED"
    Info: Parameter "LPM_HINT" = "UNUSED"
Info: Elaborating entity "altram" for hierarchy "LPM_RAM_DQ:MEM|altram:sram"
Warning: Assertion warning: altram does not support Cyclone II device family -- attempting best-case memory conversions, but power-up states and read during write behavior will be different for Cyclone II devices
Info: Elaborated megafunction instantiation "LPM_RAM_DQ:MEM|altram:sram", which is child of megafunction instantiation "LPM_RAM_DQ:MEM"
Info: Elaborating entity "altsyncram" for hierarchy "LPM_RAM_DQ:MEM|altram:sram|altsyncram:ram_block"
Info: Elaborated megafunction instantiation "LPM_RAM_DQ:MEM|altram:sram|altsyncram:ram_block", which is child of megafunction instantiation "LPM_RAM_DQ:MEM"
Info: Found 1 design units, including 1 entities, in source file db/altsyncram_e1a1.tdf
    Info: Found entity 1: altsyncram_e1a1
Info: Elaborating entity "altsyncram_e1a1" for hierarchy "LPM_RAM_DQ:MEM|altram:sram|altsyncram:ram_block|altsyncram_e1a1:auto_generated"
Warning: Design contains 24 input pin(s) that do not drive logic
    Warning (15610): No output dependent on input pin "Address[8]"
    Warning (15610): No output dependent on input pin "Address[9]"
    Warning (15610): No output dependent on input pin "Address[10]"
    Warning (15610): No output dependent on input pin "Address[11]"
    Warning (15610): No output dependent on input pin "Address[12]"
    Warning (15610): No output dependent on input pin "Address[13]"
    Warning (15610): No output dependent on input pin "Address[14]"
    Warning (15610): No output dependent on input pin "Address[15]"
    Warning (15610): No output dependent on input pin "Address[16]"
    Warning (15610): No output dependent on input pin "Address[17]"
    Warning (15610): No output dependent on input pin "Address[18]"
    Warning (15610): No output dependent on input pin "Address[19]"
    Warning (15610): No output dependent on input pin "Address[20]"
    Warning (15610): No output dependent on input pin "Address[21]"
    Warning (15610): No output dependent on input pin "Address[22]"
    Warning (15610): No output dependent on input pin "Address[23]"
    Warning (15610): No output dependent on input pin "Address[24]"
    Warning (15610): No output dependent on input pin "Address[25]"
    Warning (15610): No output dependent on input pin "Address[26]"
    Warning (15610): No output dependent on input pin "Address[27]"
    Warning (15610): No output dependent on input pin "Address[28]"
    Warning (15610): No output dependent on input pin "Address[29]"
    Warning (15610): No output dependent on input pin "Address[30]"
    Warning (15610): No output dependent on input pin "Address[31]"
Info: Implemented 153 device resources after synthesis - the final resource count might be different
    Info: Implemented 66 input pins
    Info: Implemented 32 output pins
    Info: Implemented 23 logic cells
    Info: Implemented 32 RAM segments
Info: Quartus II Analysis & Synthesis was successful. 0 errors, 32 warnings
    Info: Peak virtual memory: 228 megabytes
    Info: Processing ended: Mon Apr 09 00:58:49 2018
    Info: Elapsed time: 00:00:05
    Info: Total CPU time (on all processors): 00:00:08


